2018-08-15 19:04:36,141 - INFO - allennlp.common.from_params - instantiating class <class 'allennlp.data.dataset_readers.dataset_reader.DatasetReader'> from params {'token_indexers': {'token_characters': {'character_tokenizer': {'byte_encoding': 'utf-8', 'end_tokens': [260], 'start_tokens': [259]}, 'type': 'characters'}, 'tokens': {'lowercase_tokens': True, 'type': 'single_id'}}, 'type': 'squad'} and extras {}
2018-08-15 19:04:36,142 - INFO - allennlp.common.params - dataset_reader.type = squad
2018-08-15 19:04:36,142 - INFO - allennlp.common.from_params - instantiating class <class 'allennlp.data.dataset_readers.reading_comprehension.squad.SquadReader'> from params {'token_indexers': {'token_characters': {'character_tokenizer': {'byte_encoding': 'utf-8', 'end_tokens': [260], 'start_tokens': [259]}, 'type': 'characters'}, 'tokens': {'lowercase_tokens': True, 'type': 'single_id'}}} and extras {}
2018-08-15 19:04:36,142 - INFO - allennlp.common.from_params - instantiating class allennlp.data.token_indexers.token_indexer.TokenIndexer from params {'character_tokenizer': {'byte_encoding': 'utf-8', 'end_tokens': [260], 'start_tokens': [259]}, 'type': 'characters'} and extras {}
2018-08-15 19:04:36,142 - INFO - allennlp.common.params - dataset_reader.token_indexers.token_characters.type = characters
2018-08-15 19:04:36,142 - INFO - allennlp.common.from_params - instantiating class allennlp.data.token_indexers.token_characters_indexer.TokenCharactersIndexer from params {'character_tokenizer': {'byte_encoding': 'utf-8', 'end_tokens': [260], 'start_tokens': [259]}} and extras {}
2018-08-15 19:04:36,143 - INFO - allennlp.common.params - dataset_reader.token_indexers.token_characters.namespace = token_characters
2018-08-15 19:04:36,143 - INFO - allennlp.common.from_params - instantiating class <class 'allennlp.data.tokenizers.character_tokenizer.CharacterTokenizer'> from params {'byte_encoding': 'utf-8', 'end_tokens': [260], 'start_tokens': [259]} and extras {}
2018-08-15 19:04:36,143 - INFO - allennlp.common.params - dataset_reader.token_indexers.token_characters.character_tokenizer.byte_encoding = utf-8
2018-08-15 19:04:36,143 - INFO - allennlp.common.params - dataset_reader.token_indexers.token_characters.character_tokenizer.lowercase_characters = False
2018-08-15 19:04:36,143 - INFO - allennlp.common.params - dataset_reader.token_indexers.token_characters.character_tokenizer.start_tokens = [259]
2018-08-15 19:04:36,143 - INFO - allennlp.common.params - dataset_reader.token_indexers.token_characters.character_tokenizer.end_tokens = [260]
2018-08-15 19:04:36,143 - INFO - allennlp.common.from_params - instantiating class allennlp.data.token_indexers.token_indexer.TokenIndexer from params {'lowercase_tokens': True, 'type': 'single_id'} and extras {}
2018-08-15 19:04:36,143 - INFO - allennlp.common.params - dataset_reader.token_indexers.tokens.type = single_id
2018-08-15 19:04:36,143 - INFO - allennlp.common.from_params - instantiating class allennlp.data.token_indexers.single_id_token_indexer.SingleIdTokenIndexer from params {'lowercase_tokens': True} and extras {}
2018-08-15 19:04:36,144 - INFO - allennlp.common.params - dataset_reader.token_indexers.tokens.namespace = tokens
2018-08-15 19:04:36,144 - INFO - allennlp.common.params - dataset_reader.token_indexers.tokens.lowercase_tokens = True
2018-08-15 19:04:36,144 - INFO - allennlp.common.params - dataset_reader.lazy = False
2018-08-15 19:04:36,487 - INFO - allennlp.common.params - validation_dataset_reader = None
2018-08-15 19:04:36,487 - INFO - allennlp.common.params - train_data_path = https://s3-us-west-2.amazonaws.com/allennlp/datasets/squad/squad-train-v1.1.json
2018-08-15 19:04:36,487 - INFO - allennlp.commands.train - Reading training data from https://s3-us-west-2.amazonaws.com/allennlp/datasets/squad/squad-train-v1.1.json
2018-08-15 19:04:36,932 - INFO - allennlp.data.dataset_readers.reading_comprehension.squad - Reading file at /home/noambard/.allennlp/datasets/9d71029aaa0756c2c61776d338b30948212e767f2753f159df0f8fe1dd4267ff.ecb722fee55bf415b85baaa96fa6da0785e392b5d122301c710b06bf51f7bdc3
2018-08-15 19:04:37,501 - INFO - allennlp.data.dataset_readers.reading_comprehension.squad - Reading the dataset
2018-08-15 19:06:05,517 - INFO - allennlp.common.params - validation_data_path = https://s3-us-west-2.amazonaws.com/allennlp/datasets/squad/squad-dev-v1.1.json
2018-08-15 19:06:05,517 - INFO - allennlp.commands.train - Reading validation data from https://s3-us-west-2.amazonaws.com/allennlp/datasets/squad/squad-dev-v1.1.json
2018-08-15 19:06:05,881 - INFO - allennlp.data.dataset_readers.reading_comprehension.squad - Reading file at /home/noambard/.allennlp/datasets/c95de59a40dcddbf0ec0cf935b5a98b51a027920ec34ad20e930a8a7a710fcb2.59d8c2ca3fa946cc02db572aec4395c09c9477e1fbcd8fd7b86d9a3e1d580e0a
2018-08-15 19:06:05,931 - INFO - allennlp.data.dataset_readers.reading_comprehension.squad - Reading the dataset
2018-08-15 19:06:15,729 - INFO - allennlp.common.params - test_data_path = None
2018-08-15 19:06:15,729 - INFO - allennlp.commands.train - From dataset instances, validation, train will be considered for vocabulary creation.
2018-08-15 19:06:15,729 - INFO - allennlp.common.params - vocabulary.type = None
2018-08-15 19:06:15,730 - INFO - allennlp.common.params - vocabulary.extend = False
2018-08-15 19:06:15,730 - INFO - allennlp.common.params - vocabulary.directory_path = None
2018-08-15 19:06:15,730 - INFO - allennlp.common.params - vocabulary.min_count = None
2018-08-15 19:06:15,730 - INFO - allennlp.common.params - vocabulary.max_vocab_size = None
2018-08-15 19:06:15,730 - INFO - allennlp.common.params - vocabulary.non_padded_namespaces = ('*tags', '*labels')
2018-08-15 19:06:15,730 - INFO - allennlp.common.params - vocabulary.only_include_pretrained_words = False
2018-08-15 19:06:15,730 - INFO - allennlp.common.params - vocabulary.tokens_to_add = None
2018-08-15 19:06:15,730 - INFO - allennlp.data.vocabulary - Fitting token dictionary from dataset.
2018-08-15 19:09:12,718 - INFO - allennlp.common.from_params - instantiating class <class 'allennlp.models.model.Model'> from params {'dropout': 0.2, 'modeling_layer': {'bidirectional': True, 'dropout': 0.2, 'hidden_size': 100, 'input_size': 800, 'num_layers': 2, 'type': 'lstm'}, 'num_highway_layers': 2, 'phrase_layer': {'bidirectional': True, 'dropout': 0.2, 'hidden_size': 100, 'input_size': 200, 'num_layers': 1, 'type': 'lstm'}, 'similarity_function': {'combination': 'x,y,x*y', 'tensor_1_dim': 200, 'tensor_2_dim': 200, 'type': 'linear'}, 'span_end_encoder': {'bidirectional': True, 'dropout': 0.2, 'hidden_size': 100, 'input_size': 1400, 'num_layers': 1, 'type': 'lstm'}, 'text_field_embedder': {'token_embedders': {'token_characters': {'dropout': 0.2, 'embedding': {'embedding_dim': 16, 'num_embeddings': 262}, 'encoder': {'embedding_dim': 16, 'ngram_filter_sizes': [5], 'num_filters': 100, 'type': 'cnn'}, 'type': 'character_encoding'}, 'tokens': {'embedding_dim': 100, 'pretrained_file': 'https://s3-us-west-2.amazonaws.com/allennlp/datasets/glove/glove.6B.100d.txt.gz', 'trainable': False, 'type': 'embedding'}}}, 'type': 'bidaf'} and extras {'vocab': <allennlp.data.vocabulary.Vocabulary object at 0x7f24093b5240>}
2018-08-15 19:09:12,718 - INFO - allennlp.common.params - model.type = bidaf
2018-08-15 19:09:12,718 - INFO - allennlp.common.from_params - instantiating class <class 'allennlp.models.reading_comprehension.bidaf.BidirectionalAttentionFlow'> from params {'dropout': 0.2, 'modeling_layer': {'bidirectional': True, 'dropout': 0.2, 'hidden_size': 100, 'input_size': 800, 'num_layers': 2, 'type': 'lstm'}, 'num_highway_layers': 2, 'phrase_layer': {'bidirectional': True, 'dropout': 0.2, 'hidden_size': 100, 'input_size': 200, 'num_layers': 1, 'type': 'lstm'}, 'similarity_function': {'combination': 'x,y,x*y', 'tensor_1_dim': 200, 'tensor_2_dim': 200, 'type': 'linear'}, 'span_end_encoder': {'bidirectional': True, 'dropout': 0.2, 'hidden_size': 100, 'input_size': 1400, 'num_layers': 1, 'type': 'lstm'}, 'text_field_embedder': {'token_embedders': {'token_characters': {'dropout': 0.2, 'embedding': {'embedding_dim': 16, 'num_embeddings': 262}, 'encoder': {'embedding_dim': 16, 'ngram_filter_sizes': [5], 'num_filters': 100, 'type': 'cnn'}, 'type': 'character_encoding'}, 'tokens': {'embedding_dim': 100, 'pretrained_file': 'https://s3-us-west-2.amazonaws.com/allennlp/datasets/glove/glove.6B.100d.txt.gz', 'trainable': False, 'type': 'embedding'}}}} and extras {'vocab': <allennlp.data.vocabulary.Vocabulary object at 0x7f24093b5240>}
2018-08-15 19:09:12,719 - INFO - allennlp.common.from_params - instantiating class <class 'allennlp.modules.text_field_embedders.text_field_embedder.TextFieldEmbedder'> from params {'token_embedders': {'token_characters': {'dropout': 0.2, 'embedding': {'embedding_dim': 16, 'num_embeddings': 262}, 'encoder': {'embedding_dim': 16, 'ngram_filter_sizes': [5], 'num_filters': 100, 'type': 'cnn'}, 'type': 'character_encoding'}, 'tokens': {'embedding_dim': 100, 'pretrained_file': 'https://s3-us-west-2.amazonaws.com/allennlp/datasets/glove/glove.6B.100d.txt.gz', 'trainable': False, 'type': 'embedding'}}} and extras {'vocab': <allennlp.data.vocabulary.Vocabulary object at 0x7f24093b5240>}
2018-08-15 19:09:12,719 - INFO - allennlp.common.params - model.text_field_embedder.type = basic
2018-08-15 19:09:12,719 - INFO - allennlp.common.params - model.text_field_embedder.embedder_to_indexer_map = None
2018-08-15 19:09:12,719 - INFO - allennlp.common.params - model.text_field_embedder.allow_unmatched_keys = False
2018-08-15 19:09:12,719 - INFO - allennlp.common.from_params - instantiating class <class 'allennlp.modules.token_embedders.token_embedder.TokenEmbedder'> from params {'dropout': 0.2, 'embedding': {'embedding_dim': 16, 'num_embeddings': 262}, 'encoder': {'embedding_dim': 16, 'ngram_filter_sizes': [5], 'num_filters': 100, 'type': 'cnn'}, 'type': 'character_encoding'} and extras {'vocab': <allennlp.data.vocabulary.Vocabulary object at 0x7f24093b5240>}
2018-08-15 19:09:12,720 - INFO - allennlp.common.params - model.text_field_embedder.token_embedders.token_characters.type = character_encoding
2018-08-15 19:09:12,720 - INFO - allennlp.common.params - model.text_field_embedder.token_embedders.token_characters.embedding.num_embeddings = 262
2018-08-15 19:09:12,720 - INFO - allennlp.common.params - model.text_field_embedder.token_embedders.token_characters.embedding.vocab_namespace = token_characters
2018-08-15 19:09:12,720 - INFO - allennlp.common.params - model.text_field_embedder.token_embedders.token_characters.embedding.embedding_dim = 16
2018-08-15 19:09:12,720 - INFO - allennlp.common.params - model.text_field_embedder.token_embedders.token_characters.embedding.pretrained_file = None
2018-08-15 19:09:12,720 - INFO - allennlp.common.params - model.text_field_embedder.token_embedders.token_characters.embedding.projection_dim = None
2018-08-15 19:09:12,720 - INFO - allennlp.common.params - model.text_field_embedder.token_embedders.token_characters.embedding.trainable = True
2018-08-15 19:09:12,720 - INFO - allennlp.common.params - model.text_field_embedder.token_embedders.token_characters.embedding.padding_index = None
2018-08-15 19:09:12,721 - INFO - allennlp.common.params - model.text_field_embedder.token_embedders.token_characters.embedding.max_norm = None
2018-08-15 19:09:12,721 - INFO - allennlp.common.params - model.text_field_embedder.token_embedders.token_characters.embedding.norm_type = 2.0
2018-08-15 19:09:12,721 - INFO - allennlp.common.params - model.text_field_embedder.token_embedders.token_characters.embedding.scale_grad_by_freq = False
2018-08-15 19:09:12,721 - INFO - allennlp.common.params - model.text_field_embedder.token_embedders.token_characters.embedding.sparse = False
2018-08-15 19:09:12,722 - INFO - allennlp.common.from_params - instantiating class <class 'allennlp.modules.seq2vec_encoders.seq2vec_encoder.Seq2VecEncoder'> from params {'embedding_dim': 16, 'ngram_filter_sizes': [5], 'num_filters': 100, 'type': 'cnn'} and extras {}
2018-08-15 19:09:12,722 - INFO - allennlp.common.params - model.text_field_embedder.token_embedders.token_characters.encoder.type = cnn
2018-08-15 19:09:12,722 - INFO - allennlp.common.from_params - instantiating class <class 'allennlp.modules.seq2vec_encoders.cnn_encoder.CnnEncoder'> from params {'embedding_dim': 16, 'ngram_filter_sizes': [5], 'num_filters': 100} and extras {}
2018-08-15 19:09:12,722 - INFO - allennlp.common.params - model.text_field_embedder.token_embedders.token_characters.encoder.embedding_dim = 16
2018-08-15 19:09:12,722 - INFO - allennlp.common.params - model.text_field_embedder.token_embedders.token_characters.encoder.num_filters = 100
2018-08-15 19:09:12,722 - INFO - allennlp.common.params - model.text_field_embedder.token_embedders.token_characters.encoder.ngram_filter_sizes = [5]
2018-08-15 19:09:12,722 - INFO - allennlp.common.params - model.text_field_embedder.token_embedders.token_characters.encoder.output_dim = None
2018-08-15 19:09:12,723 - INFO - allennlp.common.registrable - instantiating registered subclass relu of <class 'allennlp.nn.activations.Activation'>
2018-08-15 19:09:12,724 - INFO - allennlp.common.params - model.text_field_embedder.token_embedders.token_characters.dropout = 0.2
2018-08-15 19:09:12,725 - INFO - allennlp.common.from_params - instantiating class <class 'allennlp.modules.token_embedders.token_embedder.TokenEmbedder'> from params {'embedding_dim': 100, 'pretrained_file': 'https://s3-us-west-2.amazonaws.com/allennlp/datasets/glove/glove.6B.100d.txt.gz', 'trainable': False, 'type': 'embedding'} and extras {'vocab': <allennlp.data.vocabulary.Vocabulary object at 0x7f24093b5240>}
2018-08-15 19:09:12,725 - INFO - allennlp.common.params - model.text_field_embedder.token_embedders.tokens.type = embedding
2018-08-15 19:09:12,725 - INFO - allennlp.common.params - model.text_field_embedder.token_embedders.tokens.num_embeddings = None
2018-08-15 19:09:12,725 - INFO - allennlp.common.params - model.text_field_embedder.token_embedders.tokens.vocab_namespace = tokens
2018-08-15 19:09:12,725 - INFO - allennlp.common.params - model.text_field_embedder.token_embedders.tokens.embedding_dim = 100
2018-08-15 19:09:12,725 - INFO - allennlp.common.params - model.text_field_embedder.token_embedders.tokens.pretrained_file = https://s3-us-west-2.amazonaws.com/allennlp/datasets/glove/glove.6B.100d.txt.gz
2018-08-15 19:09:12,725 - INFO - allennlp.common.params - model.text_field_embedder.token_embedders.tokens.projection_dim = None
2018-08-15 19:09:12,725 - INFO - allennlp.common.params - model.text_field_embedder.token_embedders.tokens.trainable = False
2018-08-15 19:09:12,726 - INFO - allennlp.common.params - model.text_field_embedder.token_embedders.tokens.padding_index = None
2018-08-15 19:09:12,726 - INFO - allennlp.common.params - model.text_field_embedder.token_embedders.tokens.max_norm = None
2018-08-15 19:09:12,726 - INFO - allennlp.common.params - model.text_field_embedder.token_embedders.tokens.norm_type = 2.0
2018-08-15 19:09:12,726 - INFO - allennlp.common.params - model.text_field_embedder.token_embedders.tokens.scale_grad_by_freq = False
2018-08-15 19:09:12,726 - INFO - allennlp.common.params - model.text_field_embedder.token_embedders.tokens.sparse = False
2018-08-15 19:09:12,738 - INFO - allennlp.modules.token_embedders.embedding - Reading pretrained embeddings from file
2018-08-15 19:09:19,231 - INFO - allennlp.modules.token_embedders.embedding - Initializing pre-trained embedding layer
2018-08-15 19:09:19,960 - INFO - allennlp.modules.token_embedders.embedding - Pretrained embeddings were found for 73145 out of 97321 tokens
2018-08-15 19:09:19,987 - INFO - allennlp.common.params - model.num_highway_layers = 2
2018-08-15 19:09:19,987 - INFO - allennlp.common.from_params - instantiating class <class 'allennlp.modules.seq2seq_encoders.seq2seq_encoder.Seq2SeqEncoder'> from params {'bidirectional': True, 'dropout': 0.2, 'hidden_size': 100, 'input_size': 200, 'num_layers': 1, 'type': 'lstm'} and extras {'vocab': <allennlp.data.vocabulary.Vocabulary object at 0x7f24093b5240>}
2018-08-15 19:09:19,987 - INFO - allennlp.common.params - model.phrase_layer.type = lstm
2018-08-15 19:09:19,988 - INFO - allennlp.common.params - model.phrase_layer.batch_first = True
2018-08-15 19:09:19,988 - INFO - allennlp.common.params - Converting Params object to dict; logging of default values will not occur when dictionary parameters are used subsequently.
2018-08-15 19:09:19,988 - INFO - allennlp.common.params - CURRENTLY DEFINED PARAMETERS: 
2018-08-15 19:09:19,988 - INFO - allennlp.common.params - model.phrase_layer.bidirectional = True
2018-08-15 19:09:19,988 - INFO - allennlp.common.params - model.phrase_layer.dropout = 0.2
2018-08-15 19:09:19,988 - INFO - allennlp.common.params - model.phrase_layer.hidden_size = 100
2018-08-15 19:09:19,988 - INFO - allennlp.common.params - model.phrase_layer.input_size = 200
2018-08-15 19:09:19,988 - INFO - allennlp.common.params - model.phrase_layer.num_layers = 1
2018-08-15 19:09:19,988 - INFO - allennlp.common.params - model.phrase_layer.batch_first = True
2018-08-15 19:09:19,991 - INFO - allennlp.common.from_params - instantiating class <class 'allennlp.modules.similarity_functions.similarity_function.SimilarityFunction'> from params {'combination': 'x,y,x*y', 'tensor_1_dim': 200, 'tensor_2_dim': 200, 'type': 'linear'} and extras {'vocab': <allennlp.data.vocabulary.Vocabulary object at 0x7f24093b5240>}
2018-08-15 19:09:19,992 - INFO - allennlp.common.params - model.similarity_function.type = linear
2018-08-15 19:09:19,992 - INFO - allennlp.common.from_params - instantiating class <class 'allennlp.modules.similarity_functions.linear.LinearSimilarity'> from params {'combination': 'x,y,x*y', 'tensor_1_dim': 200, 'tensor_2_dim': 200} and extras {'vocab': <allennlp.data.vocabulary.Vocabulary object at 0x7f24093b5240>}
2018-08-15 19:09:19,992 - INFO - allennlp.common.params - model.similarity_function.tensor_1_dim = 200
2018-08-15 19:09:19,992 - INFO - allennlp.common.params - model.similarity_function.tensor_2_dim = 200
2018-08-15 19:09:19,992 - INFO - allennlp.common.params - model.similarity_function.combination = x,y,x*y
2018-08-15 19:09:19,992 - INFO - allennlp.common.registrable - instantiating registered subclass linear of <class 'allennlp.nn.activations.Activation'>
2018-08-15 19:09:19,993 - INFO - allennlp.common.from_params - instantiating class <class 'allennlp.modules.seq2seq_encoders.seq2seq_encoder.Seq2SeqEncoder'> from params {'bidirectional': True, 'dropout': 0.2, 'hidden_size': 100, 'input_size': 800, 'num_layers': 2, 'type': 'lstm'} and extras {'vocab': <allennlp.data.vocabulary.Vocabulary object at 0x7f24093b5240>}
2018-08-15 19:09:19,993 - INFO - allennlp.common.params - model.modeling_layer.type = lstm
2018-08-15 19:09:19,993 - INFO - allennlp.common.params - model.modeling_layer.batch_first = True
2018-08-15 19:09:19,993 - INFO - allennlp.common.params - Converting Params object to dict; logging of default values will not occur when dictionary parameters are used subsequently.
2018-08-15 19:09:19,993 - INFO - allennlp.common.params - CURRENTLY DEFINED PARAMETERS: 
2018-08-15 19:09:19,993 - INFO - allennlp.common.params - model.modeling_layer.bidirectional = True
2018-08-15 19:09:19,993 - INFO - allennlp.common.params - model.modeling_layer.dropout = 0.2
2018-08-15 19:09:19,993 - INFO - allennlp.common.params - model.modeling_layer.hidden_size = 100
2018-08-15 19:09:19,994 - INFO - allennlp.common.params - model.modeling_layer.input_size = 800
2018-08-15 19:09:19,994 - INFO - allennlp.common.params - model.modeling_layer.num_layers = 2
2018-08-15 19:09:19,994 - INFO - allennlp.common.params - model.modeling_layer.batch_first = True
2018-08-15 19:09:20,003 - INFO - allennlp.common.from_params - instantiating class <class 'allennlp.modules.seq2seq_encoders.seq2seq_encoder.Seq2SeqEncoder'> from params {'bidirectional': True, 'dropout': 0.2, 'hidden_size': 100, 'input_size': 1400, 'num_layers': 1, 'type': 'lstm'} and extras {'vocab': <allennlp.data.vocabulary.Vocabulary object at 0x7f24093b5240>}
2018-08-15 19:09:20,003 - INFO - allennlp.common.params - model.span_end_encoder.type = lstm
2018-08-15 19:09:20,004 - INFO - allennlp.common.params - model.span_end_encoder.batch_first = True
2018-08-15 19:09:20,004 - INFO - allennlp.common.params - Converting Params object to dict; logging of default values will not occur when dictionary parameters are used subsequently.
2018-08-15 19:09:20,004 - INFO - allennlp.common.params - CURRENTLY DEFINED PARAMETERS: 
2018-08-15 19:09:20,004 - INFO - allennlp.common.params - model.span_end_encoder.bidirectional = True
2018-08-15 19:09:20,004 - INFO - allennlp.common.params - model.span_end_encoder.dropout = 0.2
2018-08-15 19:09:20,004 - INFO - allennlp.common.params - model.span_end_encoder.hidden_size = 100
2018-08-15 19:09:20,004 - INFO - allennlp.common.params - model.span_end_encoder.input_size = 1400
2018-08-15 19:09:20,004 - INFO - allennlp.common.params - model.span_end_encoder.num_layers = 1
2018-08-15 19:09:20,004 - INFO - allennlp.common.params - model.span_end_encoder.batch_first = True
2018-08-15 19:09:20,016 - INFO - allennlp.common.params - model.dropout = 0.2
2018-08-15 19:09:20,016 - INFO - allennlp.common.params - model.mask_lstms = True
2018-08-15 19:09:20,018 - INFO - allennlp.nn.initializers - Initializing parameters
2018-08-15 19:09:20,018 - INFO - allennlp.nn.initializers - Done initializing parameters; the following parameters are using their default initialization from their code
2018-08-15 19:09:20,019 - INFO - allennlp.nn.initializers -    _highway_layer._module._layers.0.bias
2018-08-15 19:09:20,019 - INFO - allennlp.nn.initializers -    _highway_layer._module._layers.0.weight
2018-08-15 19:09:20,019 - INFO - allennlp.nn.initializers -    _highway_layer._module._layers.1.bias
2018-08-15 19:09:20,019 - INFO - allennlp.nn.initializers -    _highway_layer._module._layers.1.weight
2018-08-15 19:09:20,019 - INFO - allennlp.nn.initializers -    _matrix_attention._similarity_function._bias
2018-08-15 19:09:20,019 - INFO - allennlp.nn.initializers -    _matrix_attention._similarity_function._weight_vector
2018-08-15 19:09:20,019 - INFO - allennlp.nn.initializers -    _modeling_layer._module.bias_hh_l0
2018-08-15 19:09:20,019 - INFO - allennlp.nn.initializers -    _modeling_layer._module.bias_hh_l0_reverse
2018-08-15 19:09:20,019 - INFO - allennlp.nn.initializers -    _modeling_layer._module.bias_hh_l1
2018-08-15 19:09:20,019 - INFO - allennlp.nn.initializers -    _modeling_layer._module.bias_hh_l1_reverse
2018-08-15 19:09:20,019 - INFO - allennlp.nn.initializers -    _modeling_layer._module.bias_ih_l0
2018-08-15 19:09:20,019 - INFO - allennlp.nn.initializers -    _modeling_layer._module.bias_ih_l0_reverse
2018-08-15 19:09:20,020 - INFO - allennlp.nn.initializers -    _modeling_layer._module.bias_ih_l1
2018-08-15 19:09:20,020 - INFO - allennlp.nn.initializers -    _modeling_layer._module.bias_ih_l1_reverse
2018-08-15 19:09:20,020 - INFO - allennlp.nn.initializers -    _modeling_layer._module.weight_hh_l0
2018-08-15 19:09:20,020 - INFO - allennlp.nn.initializers -    _modeling_layer._module.weight_hh_l0_reverse
2018-08-15 19:09:20,020 - INFO - allennlp.nn.initializers -    _modeling_layer._module.weight_hh_l1
2018-08-15 19:09:20,020 - INFO - allennlp.nn.initializers -    _modeling_layer._module.weight_hh_l1_reverse
2018-08-15 19:09:20,020 - INFO - allennlp.nn.initializers -    _modeling_layer._module.weight_ih_l0
2018-08-15 19:09:20,020 - INFO - allennlp.nn.initializers -    _modeling_layer._module.weight_ih_l0_reverse
2018-08-15 19:09:20,020 - INFO - allennlp.nn.initializers -    _modeling_layer._module.weight_ih_l1
2018-08-15 19:09:20,020 - INFO - allennlp.nn.initializers -    _modeling_layer._module.weight_ih_l1_reverse
2018-08-15 19:09:20,020 - INFO - allennlp.nn.initializers -    _phrase_layer._module.bias_hh_l0
2018-08-15 19:09:20,020 - INFO - allennlp.nn.initializers -    _phrase_layer._module.bias_hh_l0_reverse
2018-08-15 19:09:20,020 - INFO - allennlp.nn.initializers -    _phrase_layer._module.bias_ih_l0
2018-08-15 19:09:20,020 - INFO - allennlp.nn.initializers -    _phrase_layer._module.bias_ih_l0_reverse
2018-08-15 19:09:20,021 - INFO - allennlp.nn.initializers -    _phrase_layer._module.weight_hh_l0
2018-08-15 19:09:20,021 - INFO - allennlp.nn.initializers -    _phrase_layer._module.weight_hh_l0_reverse
2018-08-15 19:09:20,021 - INFO - allennlp.nn.initializers -    _phrase_layer._module.weight_ih_l0
2018-08-15 19:09:20,021 - INFO - allennlp.nn.initializers -    _phrase_layer._module.weight_ih_l0_reverse
2018-08-15 19:09:20,021 - INFO - allennlp.nn.initializers -    _span_end_encoder._module.bias_hh_l0
2018-08-15 19:09:20,021 - INFO - allennlp.nn.initializers -    _span_end_encoder._module.bias_hh_l0_reverse
2018-08-15 19:09:20,021 - INFO - allennlp.nn.initializers -    _span_end_encoder._module.bias_ih_l0
2018-08-15 19:09:20,021 - INFO - allennlp.nn.initializers -    _span_end_encoder._module.bias_ih_l0_reverse
2018-08-15 19:09:20,021 - INFO - allennlp.nn.initializers -    _span_end_encoder._module.weight_hh_l0
2018-08-15 19:09:20,021 - INFO - allennlp.nn.initializers -    _span_end_encoder._module.weight_hh_l0_reverse
2018-08-15 19:09:20,021 - INFO - allennlp.nn.initializers -    _span_end_encoder._module.weight_ih_l0
2018-08-15 19:09:20,021 - INFO - allennlp.nn.initializers -    _span_end_encoder._module.weight_ih_l0_reverse
2018-08-15 19:09:20,021 - INFO - allennlp.nn.initializers -    _span_end_predictor._module.bias
2018-08-15 19:09:20,021 - INFO - allennlp.nn.initializers -    _span_end_predictor._module.weight
2018-08-15 19:09:20,022 - INFO - allennlp.nn.initializers -    _span_start_predictor._module.bias
2018-08-15 19:09:20,022 - INFO - allennlp.nn.initializers -    _span_start_predictor._module.weight
2018-08-15 19:09:20,022 - INFO - allennlp.nn.initializers -    _text_field_embedder.token_embedder_token_characters._embedding._module.weight
2018-08-15 19:09:20,022 - INFO - allennlp.nn.initializers -    _text_field_embedder.token_embedder_token_characters._encoder._module.conv_layer_0.bias
2018-08-15 19:09:20,022 - INFO - allennlp.nn.initializers -    _text_field_embedder.token_embedder_token_characters._encoder._module.conv_layer_0.weight
2018-08-15 19:09:20,022 - INFO - allennlp.nn.initializers -    _text_field_embedder.token_embedder_tokens.weight
2018-08-15 19:09:20,022 - INFO - allennlp.common.from_params - instantiating class <class 'allennlp.data.iterators.data_iterator.DataIterator'> from params {'batch_size': 40, 'sorting_keys': [['passage', 'num_tokens'], ['question', 'num_tokens']], 'type': 'bucket'} and extras {}
2018-08-15 19:09:20,022 - INFO - allennlp.common.params - iterator.type = bucket
2018-08-15 19:09:20,022 - INFO - allennlp.common.from_params - instantiating class <class 'allennlp.data.iterators.bucket_iterator.BucketIterator'> from params {'batch_size': 40, 'sorting_keys': [['passage', 'num_tokens'], ['question', 'num_tokens']]} and extras {}
2018-08-15 19:09:20,022 - INFO - allennlp.common.params - iterator.sorting_keys = [['passage', 'num_tokens'], ['question', 'num_tokens']]
2018-08-15 19:09:20,023 - INFO - allennlp.common.params - iterator.padding_noise = 0.1
2018-08-15 19:09:20,023 - INFO - allennlp.common.params - iterator.biggest_batch_first = False
2018-08-15 19:09:20,023 - INFO - allennlp.common.params - iterator.batch_size = 40
2018-08-15 19:09:20,023 - INFO - allennlp.common.params - iterator.instances_per_epoch = None
2018-08-15 19:09:20,023 - INFO - allennlp.common.params - iterator.max_instances_in_memory = None
2018-08-15 19:09:20,023 - INFO - allennlp.common.params - iterator.cache_instances = False
2018-08-15 19:09:20,023 - INFO - allennlp.common.params - iterator.track_epoch = False
2018-08-15 19:09:20,023 - INFO - allennlp.common.params - iterator.maximum_samples_per_batch = None
2018-08-15 19:09:20,023 - INFO - allennlp.common.params - validation_iterator = None
2018-08-15 19:09:20,023 - INFO - allennlp.common.params - trainer.no_grad = ()
2018-08-15 19:09:20,024 - INFO - allennlp.commands.train - Following parameters are Frozen  (without gradient):
2018-08-15 19:09:20,024 - INFO - allennlp.commands.train - _text_field_embedder.token_embedder_tokens.weight
2018-08-15 19:09:20,024 - INFO - allennlp.commands.train - Following parameters are Tunable (with gradient):
2018-08-15 19:09:20,024 - INFO - allennlp.commands.train - _text_field_embedder.token_embedder_token_characters._embedding._module.weight
2018-08-15 19:09:20,024 - INFO - allennlp.commands.train - _text_field_embedder.token_embedder_token_characters._encoder._module.conv_layer_0.weight
2018-08-15 19:09:20,024 - INFO - allennlp.commands.train - _text_field_embedder.token_embedder_token_characters._encoder._module.conv_layer_0.bias
2018-08-15 19:09:20,024 - INFO - allennlp.commands.train - _highway_layer._module._layers.0.weight
2018-08-15 19:09:20,024 - INFO - allennlp.commands.train - _highway_layer._module._layers.0.bias
2018-08-15 19:09:20,024 - INFO - allennlp.commands.train - _highway_layer._module._layers.1.weight
2018-08-15 19:09:20,025 - INFO - allennlp.commands.train - _highway_layer._module._layers.1.bias
2018-08-15 19:09:20,025 - INFO - allennlp.commands.train - _phrase_layer._module.weight_ih_l0
2018-08-15 19:09:20,025 - INFO - allennlp.commands.train - _phrase_layer._module.weight_hh_l0
2018-08-15 19:09:20,025 - INFO - allennlp.commands.train - _phrase_layer._module.bias_ih_l0
2018-08-15 19:09:20,025 - INFO - allennlp.commands.train - _phrase_layer._module.bias_hh_l0
2018-08-15 19:09:20,025 - INFO - allennlp.commands.train - _phrase_layer._module.weight_ih_l0_reverse
2018-08-15 19:09:20,025 - INFO - allennlp.commands.train - _phrase_layer._module.weight_hh_l0_reverse
2018-08-15 19:09:20,025 - INFO - allennlp.commands.train - _phrase_layer._module.bias_ih_l0_reverse
2018-08-15 19:09:20,025 - INFO - allennlp.commands.train - _phrase_layer._module.bias_hh_l0_reverse
2018-08-15 19:09:20,025 - INFO - allennlp.commands.train - _matrix_attention._similarity_function._weight_vector
2018-08-15 19:09:20,025 - INFO - allennlp.commands.train - _matrix_attention._similarity_function._bias
2018-08-15 19:09:20,025 - INFO - allennlp.commands.train - _modeling_layer._module.weight_ih_l0
2018-08-15 19:09:20,025 - INFO - allennlp.commands.train - _modeling_layer._module.weight_hh_l0
2018-08-15 19:09:20,025 - INFO - allennlp.commands.train - _modeling_layer._module.bias_ih_l0
2018-08-15 19:09:20,025 - INFO - allennlp.commands.train - _modeling_layer._module.bias_hh_l0
2018-08-15 19:09:20,026 - INFO - allennlp.commands.train - _modeling_layer._module.weight_ih_l0_reverse
2018-08-15 19:09:20,026 - INFO - allennlp.commands.train - _modeling_layer._module.weight_hh_l0_reverse
2018-08-15 19:09:20,026 - INFO - allennlp.commands.train - _modeling_layer._module.bias_ih_l0_reverse
2018-08-15 19:09:20,026 - INFO - allennlp.commands.train - _modeling_layer._module.bias_hh_l0_reverse
2018-08-15 19:09:20,026 - INFO - allennlp.commands.train - _modeling_layer._module.weight_ih_l1
2018-08-15 19:09:20,026 - INFO - allennlp.commands.train - _modeling_layer._module.weight_hh_l1
2018-08-15 19:09:20,026 - INFO - allennlp.commands.train - _modeling_layer._module.bias_ih_l1
2018-08-15 19:09:20,026 - INFO - allennlp.commands.train - _modeling_layer._module.bias_hh_l1
2018-08-15 19:09:20,026 - INFO - allennlp.commands.train - _modeling_layer._module.weight_ih_l1_reverse
2018-08-15 19:09:20,026 - INFO - allennlp.commands.train - _modeling_layer._module.weight_hh_l1_reverse
2018-08-15 19:09:20,026 - INFO - allennlp.commands.train - _modeling_layer._module.bias_ih_l1_reverse
2018-08-15 19:09:20,026 - INFO - allennlp.commands.train - _modeling_layer._module.bias_hh_l1_reverse
2018-08-15 19:09:20,026 - INFO - allennlp.commands.train - _span_end_encoder._module.weight_ih_l0
2018-08-15 19:09:20,026 - INFO - allennlp.commands.train - _span_end_encoder._module.weight_hh_l0
2018-08-15 19:09:20,026 - INFO - allennlp.commands.train - _span_end_encoder._module.bias_ih_l0
2018-08-15 19:09:20,027 - INFO - allennlp.commands.train - _span_end_encoder._module.bias_hh_l0
2018-08-15 19:09:20,027 - INFO - allennlp.commands.train - _span_end_encoder._module.weight_ih_l0_reverse
2018-08-15 19:09:20,027 - INFO - allennlp.commands.train - _span_end_encoder._module.weight_hh_l0_reverse
2018-08-15 19:09:20,027 - INFO - allennlp.commands.train - _span_end_encoder._module.bias_ih_l0_reverse
2018-08-15 19:09:20,027 - INFO - allennlp.commands.train - _span_end_encoder._module.bias_hh_l0_reverse
2018-08-15 19:09:20,027 - INFO - allennlp.commands.train - _span_start_predictor._module.weight
2018-08-15 19:09:20,027 - INFO - allennlp.commands.train - _span_start_predictor._module.bias
2018-08-15 19:09:20,027 - INFO - allennlp.commands.train - _span_end_predictor._module.weight
2018-08-15 19:09:20,027 - INFO - allennlp.commands.train - _span_end_predictor._module.bias
2018-08-15 19:09:20,027 - INFO - allennlp.common.params - trainer.patience = 10
2018-08-15 19:09:20,027 - INFO - allennlp.common.params - trainer.validation_metric = +em
2018-08-15 19:09:20,027 - INFO - allennlp.common.params - trainer.shuffle = True
2018-08-15 19:09:20,027 - INFO - allennlp.common.params - trainer.num_epochs = 20
2018-08-15 19:09:20,027 - INFO - allennlp.common.params - trainer.cuda_device = 0
2018-08-15 19:09:20,027 - INFO - allennlp.common.params - trainer.grad_norm = 5
2018-08-15 19:09:20,028 - INFO - allennlp.common.params - trainer.grad_clipping = None
2018-08-15 19:09:22,312 - INFO - allennlp.common.params - trainer.optimizer.type = adam
2018-08-15 19:09:22,313 - INFO - allennlp.common.params - trainer.optimizer.parameter_groups = None
2018-08-15 19:09:22,313 - INFO - allennlp.common.registrable - instantiating registered subclass adam of <class 'allennlp.training.optimizers.Optimizer'>
2018-08-15 19:09:22,313 - INFO - allennlp.common.params - Converting Params object to dict; logging of default values will not occur when dictionary parameters are used subsequently.
2018-08-15 19:09:22,313 - INFO - allennlp.common.params - CURRENTLY DEFINED PARAMETERS: 
2018-08-15 19:09:22,313 - INFO - allennlp.common.params - trainer.optimizer.betas = [0.9, 0.9]
2018-08-15 19:09:22,313 - INFO - allennlp.common.params - trainer.learning_rate_scheduler.type = reduce_on_plateau
2018-08-15 19:09:22,314 - INFO - allennlp.common.registrable - instantiating registered subclass reduce_on_plateau of <class 'allennlp.training.learning_rate_schedulers.LearningRateScheduler'>
2018-08-15 19:09:22,314 - INFO - allennlp.common.params - Converting Params object to dict; logging of default values will not occur when dictionary parameters are used subsequently.
2018-08-15 19:09:22,314 - INFO - allennlp.common.params - CURRENTLY DEFINED PARAMETERS: 
2018-08-15 19:09:22,314 - INFO - allennlp.common.params - trainer.learning_rate_scheduler.factor = 0.5
2018-08-15 19:09:22,314 - INFO - allennlp.common.params - trainer.learning_rate_scheduler.mode = max
2018-08-15 19:09:22,314 - INFO - allennlp.common.params - trainer.learning_rate_scheduler.patience = 2
2018-08-15 19:09:22,314 - INFO - allennlp.common.params - trainer.num_serialized_models_to_keep = 20
2018-08-15 19:09:22,314 - INFO - allennlp.common.params - trainer.keep_serialized_model_every_num_seconds = None
2018-08-15 19:09:22,314 - INFO - allennlp.common.params - trainer.model_save_interval = None
2018-08-15 19:09:22,315 - INFO - allennlp.common.params - trainer.summary_interval = 100
2018-08-15 19:09:22,315 - INFO - allennlp.common.params - trainer.histogram_interval = None
2018-08-15 19:09:22,319 - INFO - allennlp.common.params - evaluate_on_test = False
2018-08-15 19:09:22,319 - INFO - allennlp.training.trainer - Beginning training.
2018-08-15 19:09:22,319 - INFO - allennlp.training.trainer - Epoch 0/19
2018-08-15 19:09:22,319 - INFO - allennlp.training.trainer - Peak CPU memory usage MB: 5760.188
2018-08-15 19:09:22,457 - INFO - allennlp.training.trainer - GPU 0 memory usage MB: 359
2018-08-15 19:09:22,458 - INFO - allennlp.training.trainer - Training
2018-08-15 19:32:34,643 - INFO - allennlp.training.trainer - Validating
2018-08-15 19:33:40,934 - INFO - allennlp.training.trainer - Best validation performance so far. Copying weights to 'bidaf_ser/best.th'.
2018-08-15 19:33:40,982 - INFO - allennlp.training.trainer -               Training |  Validation
2018-08-15 19:33:40,983 - INFO - allennlp.training.trainer - span_acc  |     0.241  |     0.437
2018-08-15 19:33:40,983 - INFO - allennlp.training.trainer - em        |     0.269  |     0.548
2018-08-15 19:33:40,983 - INFO - allennlp.training.trainer - f1        |     0.390  |     0.668
2018-08-15 19:33:40,984 - INFO - allennlp.training.trainer - start_acc |     0.321  |     0.536
2018-08-15 19:33:40,984 - INFO - allennlp.training.trainer - loss      |     5.221  |     3.224
2018-08-15 19:33:40,985 - INFO - allennlp.training.trainer - end_acc   |     0.352  |     0.573
2018-08-15 19:33:40,985 - INFO - allennlp.training.trainer - Epoch duration: 00:24:18
2018-08-15 19:33:40,985 - INFO - allennlp.training.trainer - Estimated training time remaining: 07:41:54
2018-08-15 19:33:40,985 - INFO - allennlp.training.trainer - Epoch 1/19
2018-08-15 19:33:40,986 - INFO - allennlp.training.trainer - Peak CPU memory usage MB: 8250.352
2018-08-15 19:33:41,171 - INFO - allennlp.training.trainer - GPU 0 memory usage MB: 10739
2018-08-15 19:33:41,172 - INFO - allennlp.training.trainer - Training
2018-08-15 19:53:30,331 - INFO - allennlp.training.trainer - Validating
2018-08-15 19:54:13,583 - INFO - allennlp.training.trainer - Best validation performance so far. Copying weights to 'bidaf_ser/best.th'.
2018-08-15 19:54:13,905 - INFO - allennlp.training.trainer -               Training |  Validation
2018-08-15 19:54:13,906 - INFO - allennlp.training.trainer - span_acc  |     0.435  |     0.490
2018-08-15 19:54:13,906 - INFO - allennlp.training.trainer - em        |     0.487  |     0.620
2018-08-15 19:54:13,907 - INFO - allennlp.training.trainer - f1        |     0.635  |     0.730
2018-08-15 19:54:13,907 - INFO - allennlp.training.trainer - start_acc |     0.533  |     0.583
2018-08-15 19:54:13,907 - INFO - allennlp.training.trainer - loss      |     3.229  |     2.791
2018-08-15 19:54:13,907 - INFO - allennlp.training.trainer - end_acc   |     0.579  |     0.629
2018-08-15 19:54:13,908 - INFO - allennlp.training.trainer - Epoch duration: 00:20:32
2018-08-15 19:54:13,908 - INFO - allennlp.training.trainer - Estimated training time remaining: 06:43:44
2018-08-15 19:54:13,908 - INFO - allennlp.training.trainer - Epoch 2/19
2018-08-15 19:54:13,909 - INFO - allennlp.training.trainer - Peak CPU memory usage MB: 8269.16
2018-08-15 19:54:14,107 - INFO - allennlp.training.trainer - GPU 0 memory usage MB: 10739
2018-08-15 19:54:14,107 - INFO - allennlp.training.trainer - Training
2018-08-15 20:14:04,164 - INFO - allennlp.training.trainer - Validating
2018-08-15 20:14:47,537 - INFO - allennlp.training.trainer - Best validation performance so far. Copying weights to 'bidaf_ser/best.th'.
2018-08-15 20:14:47,869 - INFO - allennlp.training.trainer -               Training |  Validation
2018-08-15 20:14:47,869 - INFO - allennlp.training.trainer - span_acc  |     0.482  |     0.515
2018-08-15 20:14:47,870 - INFO - allennlp.training.trainer - em        |     0.537  |     0.641
2018-08-15 20:14:47,870 - INFO - allennlp.training.trainer - f1        |     0.682  |     0.749
2018-08-15 20:14:47,870 - INFO - allennlp.training.trainer - start_acc |     0.580  |     0.611
2018-08-15 20:14:47,870 - INFO - allennlp.training.trainer - loss      |     2.836  |     2.612
2018-08-15 20:14:47,871 - INFO - allennlp.training.trainer - end_acc   |     0.624  |     0.642
2018-08-15 20:14:47,871 - INFO - allennlp.training.trainer - Epoch duration: 00:20:33
2018-08-15 20:14:47,871 - INFO - allennlp.training.trainer - Estimated training time remaining: 06:10:44
2018-08-15 20:14:47,872 - INFO - allennlp.training.trainer - Epoch 3/19
2018-08-15 20:14:47,872 - INFO - allennlp.training.trainer - Peak CPU memory usage MB: 8277.752
2018-08-15 20:14:48,074 - INFO - allennlp.training.trainer - GPU 0 memory usage MB: 10739
2018-08-15 20:14:48,075 - INFO - allennlp.training.trainer - Training
2018-08-15 20:34:36,128 - INFO - allennlp.training.trainer - Validating
2018-08-15 20:35:19,328 - INFO - allennlp.training.trainer - Best validation performance so far. Copying weights to 'bidaf_ser/best.th'.
2018-08-15 20:35:19,656 - INFO - allennlp.training.trainer -               Training |  Validation
2018-08-15 20:35:19,658 - INFO - allennlp.training.trainer - span_acc  |     0.511  |     0.529
2018-08-15 20:35:19,658 - INFO - allennlp.training.trainer - em        |     0.567  |     0.655
2018-08-15 20:35:19,658 - INFO - allennlp.training.trainer - f1        |     0.712  |     0.755
2018-08-15 20:35:19,659 - INFO - allennlp.training.trainer - start_acc |     0.608  |     0.619
2018-08-15 20:35:19,659 - INFO - allennlp.training.trainer - loss      |     2.581  |     2.543
2018-08-15 20:35:19,659 - INFO - allennlp.training.trainer - end_acc   |     0.653  |     0.657
2018-08-15 20:35:19,659 - INFO - allennlp.training.trainer - Epoch duration: 00:20:31
2018-08-15 20:35:19,659 - INFO - allennlp.training.trainer - Estimated training time remaining: 05:43:49
2018-08-15 20:35:19,659 - INFO - allennlp.training.trainer - Epoch 4/19
2018-08-15 20:35:19,660 - INFO - allennlp.training.trainer - Peak CPU memory usage MB: 8286.82
2018-08-15 20:35:19,857 - INFO - allennlp.training.trainer - GPU 0 memory usage MB: 10739
2018-08-15 20:35:19,858 - INFO - allennlp.training.trainer - Training
2018-08-15 20:55:09,441 - INFO - allennlp.training.trainer - Validating
2018-08-15 20:55:52,627 - INFO - allennlp.training.trainer - Best validation performance so far. Copying weights to 'bidaf_ser/best.th'.
2018-08-15 20:55:52,954 - INFO - allennlp.training.trainer -               Training |  Validation
2018-08-15 20:55:52,954 - INFO - allennlp.training.trainer - span_acc  |     0.535  |     0.533
2018-08-15 20:55:52,955 - INFO - allennlp.training.trainer - em        |     0.592  |     0.662
2018-08-15 20:55:52,955 - INFO - allennlp.training.trainer - f1        |     0.735  |     0.763
2018-08-15 20:55:52,956 - INFO - allennlp.training.trainer - start_acc |     0.631  |     0.627
2018-08-15 20:55:52,956 - INFO - allennlp.training.trainer - loss      |     2.385  |     2.515
2018-08-15 20:55:52,956 - INFO - allennlp.training.trainer - end_acc   |     0.677  |     0.657
2018-08-15 20:55:52,956 - INFO - allennlp.training.trainer - Epoch duration: 00:20:33
2018-08-15 20:55:52,956 - INFO - allennlp.training.trainer - Estimated training time remaining: 05:19:31
2018-08-15 20:55:52,956 - INFO - allennlp.training.trainer - Epoch 5/19
2018-08-15 20:55:52,956 - INFO - allennlp.training.trainer - Peak CPU memory usage MB: 8296.508
2018-08-15 20:55:53,143 - INFO - allennlp.training.trainer - GPU 0 memory usage MB: 10739
2018-08-15 20:55:53,143 - INFO - allennlp.training.trainer - Training
2018-08-15 21:15:42,865 - INFO - allennlp.training.trainer - Validating
2018-08-15 21:16:26,080 - INFO - allennlp.training.trainer - Best validation performance so far. Copying weights to 'bidaf_ser/best.th'.
2018-08-15 21:16:26,408 - INFO - allennlp.training.trainer -               Training |  Validation
2018-08-15 21:16:26,409 - INFO - allennlp.training.trainer - span_acc  |     0.556  |     0.545
2018-08-15 21:16:26,409 - INFO - allennlp.training.trainer - em        |     0.613  |     0.670
2018-08-15 21:16:26,409 - INFO - allennlp.training.trainer - f1        |     0.754  |     0.768
2018-08-15 21:16:26,409 - INFO - allennlp.training.trainer - start_acc |     0.652  |     0.630
2018-08-15 21:16:26,409 - INFO - allennlp.training.trainer - loss      |     2.225  |     2.498
2018-08-15 21:16:26,410 - INFO - allennlp.training.trainer - end_acc   |     0.697  |     0.669
2018-08-15 21:16:26,410 - INFO - allennlp.training.trainer - Epoch duration: 00:20:33
2018-08-15 21:16:26,411 - INFO - allennlp.training.trainer - Estimated training time remaining: 04:56:29
2018-08-15 21:16:26,411 - INFO - allennlp.training.trainer - Epoch 6/19
2018-08-15 21:16:26,411 - INFO - allennlp.training.trainer - Peak CPU memory usage MB: 8304.544
2018-08-15 21:16:26,609 - INFO - allennlp.training.trainer - GPU 0 memory usage MB: 10739
2018-08-15 21:16:26,610 - INFO - allennlp.training.trainer - Training
2018-08-15 21:36:25,058 - INFO - allennlp.training.trainer - Validating
2018-08-15 21:37:08,343 - INFO - allennlp.training.trainer - Best validation performance so far. Copying weights to 'bidaf_ser/best.th'.
2018-08-15 21:37:08,670 - INFO - allennlp.training.trainer -               Training |  Validation
2018-08-15 21:37:08,670 - INFO - allennlp.training.trainer - span_acc  |     0.574  |     0.547
2018-08-15 21:37:08,671 - INFO - allennlp.training.trainer - em        |     0.632  |     0.676
2018-08-15 21:37:08,671 - INFO - allennlp.training.trainer - f1        |     0.772  |     0.769
2018-08-15 21:37:08,672 - INFO - allennlp.training.trainer - start_acc |     0.670  |     0.637
2018-08-15 21:37:08,672 - INFO - allennlp.training.trainer - loss      |     2.073  |     2.535
2018-08-15 21:37:08,672 - INFO - allennlp.training.trainer - end_acc   |     0.715  |     0.670
2018-08-15 21:37:08,672 - INFO - allennlp.training.trainer - Epoch duration: 00:20:42
2018-08-15 21:37:08,673 - INFO - allennlp.training.trainer - Estimated training time remaining: 04:34:26
2018-08-15 21:37:08,673 - INFO - allennlp.training.trainer - Epoch 7/19
2018-08-15 21:37:08,673 - INFO - allennlp.training.trainer - Peak CPU memory usage MB: 8304.544
2018-08-15 21:37:08,875 - INFO - allennlp.training.trainer - GPU 0 memory usage MB: 10739
2018-08-15 21:37:08,876 - INFO - allennlp.training.trainer - Training
2018-08-15 21:57:01,441 - INFO - allennlp.training.trainer - Validating
2018-08-15 21:57:44,847 - INFO - allennlp.training.trainer -               Training |  Validation
2018-08-15 21:57:44,847 - INFO - allennlp.training.trainer - span_acc  |     0.590  |     0.540
2018-08-15 21:57:44,848 - INFO - allennlp.training.trainer - em        |     0.648  |     0.672
2018-08-15 21:57:44,848 - INFO - allennlp.training.trainer - f1        |     0.786  |     0.769
2018-08-15 21:57:44,849 - INFO - allennlp.training.trainer - start_acc |     0.685  |     0.629
2018-08-15 21:57:44,849 - INFO - allennlp.training.trainer - loss      |     1.952  |     2.565
2018-08-15 21:57:44,849 - INFO - allennlp.training.trainer - end_acc   |     0.732  |     0.665
2018-08-15 21:57:44,849 - INFO - allennlp.training.trainer - Epoch duration: 00:20:36
2018-08-15 21:57:44,849 - INFO - allennlp.training.trainer - Estimated training time remaining: 04:12:33
2018-08-15 21:57:44,850 - INFO - allennlp.training.trainer - Epoch 8/19
2018-08-15 21:57:44,850 - INFO - allennlp.training.trainer - Peak CPU memory usage MB: 8321.836
2018-08-15 21:57:45,048 - INFO - allennlp.training.trainer - GPU 0 memory usage MB: 10739
2018-08-15 21:57:45,049 - INFO - allennlp.training.trainer - Training
2018-08-15 22:17:35,583 - INFO - allennlp.training.trainer - Validating
2018-08-15 22:18:18,793 - INFO - allennlp.training.trainer -               Training |  Validation
2018-08-15 22:18:18,794 - INFO - allennlp.training.trainer - span_acc  |     0.606  |     0.539
2018-08-15 22:18:18,794 - INFO - allennlp.training.trainer - em        |     0.664  |     0.670
2018-08-15 22:18:18,795 - INFO - allennlp.training.trainer - f1        |     0.799  |     0.768
2018-08-15 22:18:18,795 - INFO - allennlp.training.trainer - start_acc |     0.699  |     0.628
2018-08-15 22:18:18,795 - INFO - allennlp.training.trainer - loss      |     1.836  |     2.568
2018-08-15 22:18:18,795 - INFO - allennlp.training.trainer - end_acc   |     0.746  |     0.662
2018-08-15 22:18:18,796 - INFO - allennlp.training.trainer - Epoch duration: 00:20:33
2018-08-15 22:18:18,796 - INFO - allennlp.training.trainer - Estimated training time remaining: 03:50:55
2018-08-15 22:18:18,796 - INFO - allennlp.training.trainer - Epoch 9/19
2018-08-15 22:18:18,796 - INFO - allennlp.training.trainer - Peak CPU memory usage MB: 8331.044
2018-08-15 22:18:18,996 - INFO - allennlp.training.trainer - GPU 0 memory usage MB: 10739
2018-08-15 22:18:18,997 - INFO - allennlp.training.trainer - Training
2018-08-15 22:38:09,270 - INFO - allennlp.training.trainer - Validating
2018-08-15 22:38:52,584 - INFO - allennlp.training.trainer -               Training |  Validation
2018-08-15 22:38:52,585 - INFO - allennlp.training.trainer - span_acc  |     0.616  |     0.540
2018-08-15 22:38:52,585 - INFO - allennlp.training.trainer - em        |     0.673  |     0.668
2018-08-15 22:38:52,585 - INFO - allennlp.training.trainer - f1        |     0.807  |     0.767
2018-08-15 22:38:52,586 - INFO - allennlp.training.trainer - start_acc |     0.709  |     0.629
2018-08-15 22:38:52,586 - INFO - allennlp.training.trainer - loss      |     1.743  |     2.627
2018-08-15 22:38:52,586 - INFO - allennlp.training.trainer - end_acc   |     0.754  |     0.666
2018-08-15 22:38:52,587 - INFO - allennlp.training.trainer - Epoch duration: 00:20:33
2018-08-15 22:38:52,587 - INFO - allennlp.training.trainer - Estimated training time remaining: 03:29:30
2018-08-15 22:38:52,587 - INFO - allennlp.training.trainer - Epoch 10/19
2018-08-15 22:38:52,587 - INFO - allennlp.training.trainer - Peak CPU memory usage MB: 8339.34
2018-08-15 22:38:52,782 - INFO - allennlp.training.trainer - GPU 0 memory usage MB: 10739
2018-08-15 22:38:52,783 - INFO - allennlp.training.trainer - Training
2018-08-15 22:58:41,959 - INFO - allennlp.training.trainer - Validating
2018-08-15 22:59:25,264 - INFO - allennlp.training.trainer -               Training |  Validation
2018-08-15 22:59:25,264 - INFO - allennlp.training.trainer - span_acc  |     0.657  |     0.535
2018-08-15 22:59:25,265 - INFO - allennlp.training.trainer - em        |     0.715  |     0.667
2018-08-15 22:59:25,265 - INFO - allennlp.training.trainer - f1        |     0.842  |     0.767
2018-08-15 22:59:25,265 - INFO - allennlp.training.trainer - start_acc |     0.744  |     0.627
2018-08-15 22:59:25,265 - INFO - allennlp.training.trainer - loss      |     1.463  |     2.776
2018-08-15 22:59:25,265 - INFO - allennlp.training.trainer - end_acc   |     0.794  |     0.663
2018-08-15 22:59:25,266 - INFO - allennlp.training.trainer - Epoch duration: 00:20:32
2018-08-15 22:59:25,266 - INFO - allennlp.training.trainer - Estimated training time remaining: 03:08:13
2018-08-15 22:59:25,266 - INFO - allennlp.training.trainer - Epoch 11/19
2018-08-15 22:59:25,266 - INFO - allennlp.training.trainer - Peak CPU memory usage MB: 8348.076
2018-08-15 22:59:25,473 - INFO - allennlp.training.trainer - GPU 0 memory usage MB: 10739
2018-08-15 22:59:25,474 - INFO - allennlp.training.trainer - Training
2018-08-15 23:19:16,171 - INFO - allennlp.training.trainer - Validating
2018-08-15 23:19:59,507 - INFO - allennlp.training.trainer -               Training |  Validation
2018-08-15 23:19:59,508 - INFO - allennlp.training.trainer - span_acc  |     0.675  |     0.534
2018-08-15 23:19:59,509 - INFO - allennlp.training.trainer - em        |     0.732  |     0.668
2018-08-15 23:19:59,509 - INFO - allennlp.training.trainer - f1        |     0.856  |     0.768
2018-08-15 23:19:59,509 - INFO - allennlp.training.trainer - start_acc |     0.761  |     0.620
2018-08-15 23:19:59,509 - INFO - allennlp.training.trainer - loss      |     1.335  |     2.879
2018-08-15 23:19:59,509 - INFO - allennlp.training.trainer - end_acc   |     0.811  |     0.661
2018-08-15 23:19:59,509 - INFO - allennlp.training.trainer - Epoch duration: 00:20:34
2018-08-15 23:19:59,509 - INFO - allennlp.training.trainer - Estimated training time remaining: 02:47:04
2018-08-15 23:19:59,510 - INFO - allennlp.training.trainer - Epoch 12/19
2018-08-15 23:19:59,510 - INFO - allennlp.training.trainer - Peak CPU memory usage MB: 8356.904
2018-08-15 23:19:59,715 - INFO - allennlp.training.trainer - GPU 0 memory usage MB: 10739
2018-08-15 23:19:59,716 - INFO - allennlp.training.trainer - Training
2018-08-15 23:39:50,723 - INFO - allennlp.training.trainer - Validating
2018-08-15 23:40:34,290 - INFO - allennlp.training.trainer -               Training |  Validation
2018-08-15 23:40:34,290 - INFO - allennlp.training.trainer - span_acc  |     0.689  |     0.532
2018-08-15 23:40:34,291 - INFO - allennlp.training.trainer - em        |     0.745  |     0.668
2018-08-15 23:40:34,291 - INFO - allennlp.training.trainer - f1        |     0.865  |     0.768
2018-08-15 23:40:34,292 - INFO - allennlp.training.trainer - start_acc |     0.772  |     0.623
2018-08-15 23:40:34,292 - INFO - allennlp.training.trainer - loss      |     1.257  |     2.942
2018-08-15 23:40:34,292 - INFO - allennlp.training.trainer - end_acc   |     0.822  |     0.660
2018-08-15 23:40:34,293 - INFO - allennlp.training.trainer - Epoch duration: 00:20:34
2018-08-15 23:40:34,293 - INFO - allennlp.training.trainer - Estimated training time remaining: 02:26:01
2018-08-15 23:40:34,293 - INFO - allennlp.training.trainer - Epoch 13/19
2018-08-15 23:40:34,293 - INFO - allennlp.training.trainer - Peak CPU memory usage MB: 8365.892
2018-08-15 23:40:34,480 - INFO - allennlp.training.trainer - GPU 0 memory usage MB: 10739
2018-08-15 23:40:34,481 - INFO - allennlp.training.trainer - Training
2018-08-16 00:00:24,845 - INFO - allennlp.training.trainer - Validating
2018-08-16 00:01:08,286 - INFO - allennlp.training.trainer -               Training |  Validation
2018-08-16 00:01:08,286 - INFO - allennlp.training.trainer - span_acc  |     0.713  |     0.532
2018-08-16 00:01:08,286 - INFO - allennlp.training.trainer - em        |     0.768  |     0.667
2018-08-16 00:01:08,287 - INFO - allennlp.training.trainer - f1        |     0.882  |     0.766
2018-08-16 00:01:08,287 - INFO - allennlp.training.trainer - start_acc |     0.792  |     0.621
2018-08-16 00:01:08,287 - INFO - allennlp.training.trainer - loss      |     1.106  |     3.059
2018-08-16 00:01:08,288 - INFO - allennlp.training.trainer - end_acc   |     0.843  |     0.660
2018-08-16 00:01:08,288 - INFO - allennlp.training.trainer - Epoch duration: 00:20:33
2018-08-16 00:01:08,288 - INFO - allennlp.training.trainer - Estimated training time remaining: 02:05:02
2018-08-16 00:01:08,289 - INFO - allennlp.training.trainer - Epoch 14/19
2018-08-16 00:01:08,289 - INFO - allennlp.training.trainer - Peak CPU memory usage MB: 8373.912
2018-08-16 00:01:08,477 - INFO - allennlp.training.trainer - GPU 0 memory usage MB: 10740
2018-08-16 00:01:08,478 - INFO - allennlp.training.trainer - Training
2018-08-16 00:20:59,500 - INFO - allennlp.training.trainer - Validating
2018-08-16 00:21:42,929 - INFO - allennlp.training.trainer -               Training |  Validation
2018-08-16 00:21:42,929 - INFO - allennlp.training.trainer - span_acc  |     0.725  |     0.529
2018-08-16 00:21:42,930 - INFO - allennlp.training.trainer - em        |     0.779  |     0.663
2018-08-16 00:21:42,930 - INFO - allennlp.training.trainer - f1        |     0.890  |     0.764
2018-08-16 00:21:42,931 - INFO - allennlp.training.trainer - start_acc |     0.802  |     0.619
2018-08-16 00:21:42,931 - INFO - allennlp.training.trainer - loss      |     1.046  |     3.232
2018-08-16 00:21:42,931 - INFO - allennlp.training.trainer - end_acc   |     0.851  |     0.656
2018-08-16 00:21:42,931 - INFO - allennlp.training.trainer - Epoch duration: 00:20:34
2018-08-16 00:21:42,931 - INFO - allennlp.training.trainer - Estimated training time remaining: 01:44:06
2018-08-16 00:21:42,931 - INFO - allennlp.training.trainer - Epoch 15/19
2018-08-16 00:21:42,931 - INFO - allennlp.training.trainer - Peak CPU memory usage MB: 8382.908
2018-08-16 00:21:43,138 - INFO - allennlp.training.trainer - GPU 0 memory usage MB: 10740
2018-08-16 00:21:43,139 - INFO - allennlp.training.trainer - Training
2018-08-16 00:41:35,428 - INFO - allennlp.training.trainer - Validating
2018-08-16 00:42:19,054 - INFO - allennlp.training.trainer -               Training |  Validation
2018-08-16 00:42:19,055 - INFO - allennlp.training.trainer - span_acc  |     0.733  |     0.528
2018-08-16 00:42:19,055 - INFO - allennlp.training.trainer - em        |     0.786  |     0.664
2018-08-16 00:42:19,055 - INFO - allennlp.training.trainer - f1        |     0.895  |     0.764
2018-08-16 00:42:19,055 - INFO - allennlp.training.trainer - start_acc |     0.808  |     0.619
2018-08-16 00:42:19,055 - INFO - allennlp.training.trainer - loss      |     1.000  |     3.272
2018-08-16 00:42:19,056 - INFO - allennlp.training.trainer - end_acc   |     0.858  |     0.655
2018-08-16 00:42:19,056 - INFO - allennlp.training.trainer - Epoch duration: 00:20:36
2018-08-16 00:42:19,057 - INFO - allennlp.training.trainer - Estimated training time remaining: 01:23:14
2018-08-16 00:42:19,057 - INFO - allennlp.training.trainer - Epoch 16/19
2018-08-16 00:42:19,057 - INFO - allennlp.training.trainer - Peak CPU memory usage MB: 8391.972
2018-08-16 00:42:19,246 - INFO - allennlp.training.trainer - GPU 0 memory usage MB: 10740
2018-08-16 00:42:19,246 - INFO - allennlp.training.trainer - Training
2018-08-16 01:02:11,537 - INFO - allennlp.training.trainer - Validating
2018-08-16 01:02:54,907 - INFO - allennlp.training.trainer - Ran out of patience.  Stopping training.
2018-08-16 01:02:54,907 - INFO - allennlp.models.archival - archiving weights and vocabulary to bidaf_ser/model.tar.gz
2018-08-16 01:02:57,643 - INFO - allennlp.commands.train - Loading the best epoch weights.
2018-08-16 01:02:57,734 - INFO - allennlp.commands.train - Metrics: {
  "training_duration": "05:53:32",
  "training_start_epoch": 0,
  "training_epochs": 16,
  "training_start_acc": 0.8198267103505747,
  "training_end_acc": 0.8693934862270117,
  "training_span_acc": 0.747736846311031,
  "training_em": 0.7997237411385975,
  "training_f1": 0.9037343226686851,
  "training_loss": 0.9273168023046293,
  "validation_start_acc": 0.6169347209082309,
  "validation_end_acc": 0.65600756859035,
  "validation_span_acc": 0.5295175023651845,
  "validation_em": 0.6647114474929045,
  "validation_f1": 0.7641914077065731,
  "validation_loss": 3.378839425320895,
  "best_validation_start_acc": 0.6365184484389782,
  "best_validation_end_acc": 0.6698202459791863,
  "best_validation_span_acc": 0.5474929044465469,
  "best_validation_em": 0.6757805108798486,
  "best_validation_f1": 0.7692654263317935,
  "best_validation_loss": 2.5345707839390017,
  "best_epoch": 6
}
<class 'allennlp.data.tokenizers.character_tokenizer.CharacterTokenizer'>
<class 'allennlp.modules.text_field_embedders.text_field_embedder.TextFieldEmbedder'>
<class 'allennlp.modules.seq2seq_encoders.seq2seq_encoder.Seq2SeqEncoder'>
<class 'allennlp.modules.similarity_functions.similarity_function.SimilarityFunction'>
<class 'allennlp.modules.seq2seq_encoders.seq2seq_encoder.Seq2SeqEncoder'>
<class 'allennlp.modules.seq2seq_encoders.seq2seq_encoder.Seq2SeqEncoder'>
